m:\opengl\proiecte_start_laboratoare_opengl alex\iulia\lab1\debug\vc143.pdb
m:\opengl\proiecte_start_laboratoare_opengl alex\iulia\lab1\debug\vc143.idb
m:\opengl\proiecte_start_laboratoare_opengl alex\iulia\lab1\debug\patrat.obj
m:\opengl\proiecte_start_laboratoare_opengl alex\iulia\debug\glu32.dll
m:\opengl\proiecte_start_laboratoare_opengl alex\iulia\debug\glut32.dll
m:\opengl\proiecte_start_laboratoare_opengl alex\iulia\debug\opengl32.dll
m:\opengl\proiecte_start_laboratoare_opengl alex\iulia\debug\lab1.exe
m:\opengl\proiecte_start_laboratoare_opengl alex\iulia\debug\lab1.pdb
m:\opengl\proiecte_start_laboratoare_opengl alex\iulia\lab1\debug\lab1.ilk
m:\opengl\proiecte_start_laboratoare_opengl alex\iulia\lab1\debug\lab1.tlog\cl.command.1.tlog
m:\opengl\proiecte_start_laboratoare_opengl alex\iulia\lab1\debug\lab1.tlog\cl.items.tlog
m:\opengl\proiecte_start_laboratoare_opengl alex\iulia\lab1\debug\lab1.tlog\cl.read.1.tlog
m:\opengl\proiecte_start_laboratoare_opengl alex\iulia\lab1\debug\lab1.tlog\cl.write.1.tlog
m:\opengl\proiecte_start_laboratoare_opengl alex\iulia\lab1\debug\lab1.tlog\copyfile.command.1.tlog
m:\opengl\proiecte_start_laboratoare_opengl alex\iulia\lab1\debug\lab1.tlog\copyfile.read.1.tlog
m:\opengl\proiecte_start_laboratoare_opengl alex\iulia\lab1\debug\lab1.tlog\copyfile.write.1.tlog
m:\opengl\proiecte_start_laboratoare_opengl alex\iulia\lab1\debug\lab1.tlog\link.command.1.tlog
m:\opengl\proiecte_start_laboratoare_opengl alex\iulia\lab1\debug\lab1.tlog\link.read.1.tlog
m:\opengl\proiecte_start_laboratoare_opengl alex\iulia\lab1\debug\lab1.tlog\link.secondary.1.tlog
m:\opengl\proiecte_start_laboratoare_opengl alex\iulia\lab1\debug\lab1.tlog\link.write.1.tlog
